This file contains any messages produced by compilers while
running configure, to aid debugging if configure makes a mistake.

It was created by sharutils configure 4.3.76, which was
generated by GNU Autoconf 2.56.  Invocation command line was

  $ ../configure --srcdir=.. --prefix=/home/ke/Projects/sharutils/sharutils-4.3.76/=inst --with-included-gettext

## --------- ##
## Platform. ##
## --------- ##

hostname = tux
uname -m = i686
uname -r = 2.4.19-4GB
uname -s = Linux
uname -v = #1 Thu Nov 14 11:46:51 UTC 2002

/usr/bin/uname -p = unknown
/bin/uname -X     = unknown

/bin/arch              = i686
/usr/bin/arch -k       = unknown
/usr/convex/getsysinfo = unknown
hostinfo               = unknown
/bin/machine           = unknown
/usr/bin/oslevel       = unknown
/bin/universe          = unknown

PATH: /gnu/bin
PATH: /home/ke/bin
PATH: /usr/local/bin
PATH: /usr/bin
PATH: /usr/X11R6/bin
PATH: /bin
PATH: /usr/games
PATH: /opt/gnome2/bin
PATH: /opt/gnome/bin
PATH: /opt/kde3/bin
PATH: /opt/kde2/bin
PATH: /opt/kde/bin
PATH: /opt/gnome/bin
PATH: .


## ----------- ##
## Core tests. ##
## ----------- ##

configure:1347: checking for a BSD-compatible install
configure:1401: result: /usr/bin/install -c
configure:1412: checking whether build environment is sane
configure:1455: result: yes
configure:1488: checking for gawk
configure:1504: found /usr/bin/gawk
configure:1514: result: gawk
configure:1524: checking whether make sets $(MAKE)
configure:1544: result: yes
configure:1754: checking for gcc
configure:1770: found /usr/bin/gcc
configure:1780: result: gcc
configure:2024: checking for C compiler version
configure:2027: gcc --version </dev/null >&5
gcc (GCC) 3.2
Copyright (C) 2002 Free Software Foundation, Inc.
This is free software; see the source for copying conditions.  There is NO
warranty; not even for MERCHANTABILITY or FITNESS FOR A PARTICULAR PURPOSE.

configure:2030: $? = 0
configure:2032: gcc -v </dev/null >&5
Reading specs from /usr/lib/gcc-lib/i486-suse-linux/3.2/specs
Configured with: ../configure --enable-threads=posix --prefix=/usr --with-local-prefix=/usr/local --infodir=/usr/share/info --mandir=/usr/share/man --libdir=/usr/lib --enable-languages=c,c++,f77,objc,java,ada --enable-libgcj --with-gxx-include-dir=/usr/include/g++ --with-slibdir=/lib --with-system-zlib --enable-shared --enable-__cxa_atexit i486-suse-linux
Thread model: posix
gcc version 3.2
configure:2035: $? = 0
configure:2037: gcc -V </dev/null >&5
gcc: argument to `-V' is missing
configure:2040: $? = 1
configure:2064: checking for C compiler default output
configure:2067: gcc    conftest.c  >&5
configure:2070: $? = 0
configure:2116: result: a.out
configure:2121: checking whether the C compiler works
configure:2127: ./a.out
configure:2130: $? = 0
configure:2147: result: yes
configure:2154: checking whether we are cross compiling
configure:2156: result: no
configure:2159: checking for suffix of executables
configure:2161: gcc -o conftest    conftest.c  >&5
configure:2164: $? = 0
configure:2189: result: 
configure:2195: checking for suffix of object files
configure:2217: gcc -c   conftest.c >&5
configure:2220: $? = 0
configure:2242: result: o
configure:2246: checking whether we are using the GNU C compiler
configure:2271: gcc -c   conftest.c >&5
configure:2274: $? = 0
configure:2277: test -s conftest.o
configure:2280: $? = 0
configure:2293: result: yes
configure:2299: checking whether gcc accepts -g
configure:2321: gcc -c -g  conftest.c >&5
configure:2324: $? = 0
configure:2327: test -s conftest.o
configure:2330: $? = 0
configure:2341: result: yes
configure:2358: checking for gcc option to accept ANSI C
configure:2419: gcc  -c -g -O2  conftest.c >&5
configure:2422: $? = 0
configure:2425: test -s conftest.o
configure:2428: $? = 0
configure:2446: result: none needed
configure:2464: gcc -c -g -O2  conftest.c >&5
conftest.c:2: parse error before "me"
configure:2467: $? = 1
configure: failed program was:
| #ifndef __cplusplus
|   choke me
| #endif
configure:2595: checking for style of include used by make
configure:2623: result: GNU
configure:2651: checking dependency style of gcc
configure:2713: result: gcc3
configure:2730: checking for a BSD-compatible install
configure:2784: result: /usr/bin/install -c
configure:2795: checking whether make sets $(MAKE)
configure:2815: result: yes
configure:2865: checking for ranlib
configure:2881: found /usr/bin/ranlib
configure:2892: result: ranlib
configure:2957: checking for gnudiff
configure:2990: result: no
configure:2957: checking for diffgnu
configure:2990: result: no
configure:2957: checking for diff
configure:2975: found /usr/bin/diff
configure:2987: result: /usr/bin/diff
configure:3005: checking for Mail
configure:3023: found /usr/bin/Mail
configure:3035: result: /usr/bin/Mail
configure:3050: checking for perl
configure:3068: found /usr/bin/perl
configure:3081: result: /usr/bin/perl
configure:3093: checking for bash
configure:3111: found /bin/bash
configure:3123: result: /bin/bash
configure:3139: checking for gnutar
configure:3172: result: no
configure:3139: checking for targnu
configure:3172: result: no
configure:3139: checking for gtar
configure:3172: result: no
configure:3139: checking for tar
configure:3157: found /bin/tar
configure:3169: result: /bin/tar
configure:3189: checking for compress
configure:3207: found /gnu/bin/compress
configure:3219: result: /gnu/bin/compress
configure:3234: checking whether compress works
configure:3247: result: no, installing compress-dummy
configure:3254: checking if compress link is wanted
configure:3270: result: no
configure:3285: checking how to run the C preprocessor
configure:3315: gcc -E  conftest.c
configure:3321: $? = 0
configure:3353: gcc -E  conftest.c
configure:3354:28: ac_nonexistent.h: No such file or directory
configure:3359: $? = 1
configure: failed program was:
| #line 3344 "configure"
| /* confdefs.h.  */
| 
| #define PACKAGE_NAME "sharutils"
| #define PACKAGE_TARNAME "sharutils"
| #define PACKAGE_VERSION "4.3.76"
| #define PACKAGE_STRING "sharutils 4.3.76"
| #define PACKAGE_BUGREPORT "bug-gnu-utils@gnu.org"
| #define PACKAGE "sharutils"
| #define VERSION "4.3.76"
| /* end confdefs.h.  */
| #include <ac_nonexistent.h>
configure:3397: result: gcc -E
configure:3416: gcc -E  conftest.c
configure:3422: $? = 0
configure:3454: gcc -E  conftest.c
configure:3455:28: ac_nonexistent.h: No such file or directory
configure:3460: $? = 1
configure: failed program was:
| #line 3445 "configure"
| /* confdefs.h.  */
| 
| #define PACKAGE_NAME "sharutils"
| #define PACKAGE_TARNAME "sharutils"
| #define PACKAGE_VERSION "4.3.76"
| #define PACKAGE_STRING "sharutils 4.3.76"
| #define PACKAGE_BUGREPORT "bug-gnu-utils@gnu.org"
| #define PACKAGE "sharutils"
| #define VERSION "4.3.76"
| /* end confdefs.h.  */
| #include <ac_nonexistent.h>
configure:3503: checking for egrep
configure:3513: result: grep -E
configure:3519: checking for AIX
configure:3542: result: no
configure:3549: checking for strerror in -lcposix
configure:3580: gcc -o conftest -g -O2   conftest.c -lcposix   >&5
/usr/lib/gcc-lib/i486-suse-linux/3.2/../../../../i486-suse-linux/bin/ld: cannot find -lcposix
collect2: ld returned 1 exit status
configure:3583: $? = 1
configure: failed program was:
| #line 3556 "configure"
| /* confdefs.h.  */
| 
| #define PACKAGE_NAME "sharutils"
| #define PACKAGE_TARNAME "sharutils"
| #define PACKAGE_VERSION "4.3.76"
| #define PACKAGE_STRING "sharutils 4.3.76"
| #define PACKAGE_BUGREPORT "bug-gnu-utils@gnu.org"
| #define PACKAGE "sharutils"
| #define VERSION "4.3.76"
| /* end confdefs.h.  */
| 
| /* Override any gcc2 internal prototype to avoid an error.  */
| #ifdef __cplusplus
| extern "C"
| #endif
| /* We use char because int might match the return type of a gcc2
|    builtin and then its argument prototype would still apply.  */
| char strerror ();
| int
| main ()
| {
| strerror ();
|   ;
|   return 0;
| }
configure:3601: result: no
configure:3609: checking for ANSI C header files
configure:3635: gcc -c -g -O2  conftest.c >&5
configure:3638: $? = 0
configure:3641: test -s conftest.o
configure:3644: $? = 0
configure:3733: gcc -o conftest -g -O2   conftest.c  >&5
configure:3736: $? = 0
configure:3738: ./conftest
configure:3741: $? = 0
configure:3756: result: yes
configure:3780: checking for sys/types.h
configure:3797: gcc -c -g -O2  conftest.c >&5
configure:3800: $? = 0
configure:3803: test -s conftest.o
configure:3806: $? = 0
configure:3817: result: yes
configure:3780: checking for sys/stat.h
configure:3797: gcc -c -g -O2  conftest.c >&5
configure:3800: $? = 0
configure:3803: test -s conftest.o
configure:3806: $? = 0
configure:3817: result: yes
configure:3780: checking for stdlib.h
configure:3797: gcc -c -g -O2  conftest.c >&5
configure:3800: $? = 0
configure:3803: test -s conftest.o
configure:3806: $? = 0
configure:3817: result: yes
configure:3780: checking for string.h
configure:3797: gcc -c -g -O2  conftest.c >&5
configure:3800: $? = 0
configure:3803: test -s conftest.o
configure:3806: $? = 0
configure:3817: result: yes
configure:3780: checking for memory.h
configure:3797: gcc -c -g -O2  conftest.c >&5
configure:3800: $? = 0
configure:3803: test -s conftest.o
configure:3806: $? = 0
configure:3817: result: yes
configure:3780: checking for strings.h
configure:3797: gcc -c -g -O2  conftest.c >&5
configure:3800: $? = 0
configure:3803: test -s conftest.o
configure:3806: $? = 0
configure:3817: result: yes
configure:3780: checking for inttypes.h
configure:3797: gcc -c -g -O2  conftest.c >&5
configure:3800: $? = 0
configure:3803: test -s conftest.o
configure:3806: $? = 0
configure:3817: result: yes
configure:3780: checking for stdint.h
configure:3797: gcc -c -g -O2  conftest.c >&5
configure:3800: $? = 0
configure:3803: test -s conftest.o
configure:3806: $? = 0
configure:3817: result: yes
configure:3780: checking for unistd.h
configure:3797: gcc -c -g -O2  conftest.c >&5
configure:3800: $? = 0
configure:3803: test -s conftest.o
configure:3806: $? = 0
configure:3817: result: yes
configure:3839: checking minix/config.h usability
configure:3852: gcc -c -g -O2  conftest.c >&5
configure:3895:26: minix/config.h: No such file or directory
configure:3855: $? = 1
configure: failed program was:
| #line 3841 "configure"
| /* confdefs.h.  */
| 
| #define PACKAGE_NAME "sharutils"
| #define PACKAGE_TARNAME "sharutils"
| #define PACKAGE_VERSION "4.3.76"
| #define PACKAGE_STRING "sharutils 4.3.76"
| #define PACKAGE_BUGREPORT "bug-gnu-utils@gnu.org"
| #define PACKAGE "sharutils"
| #define VERSION "4.3.76"
| #define STDC_HEADERS 1
| #define HAVE_SYS_TYPES_H 1
| #define HAVE_SYS_STAT_H 1
| #define HAVE_STDLIB_H 1
| #define HAVE_STRING_H 1
| #define HAVE_MEMORY_H 1
| #define HAVE_STRINGS_H 1
| #define HAVE_INTTYPES_H 1
| #define HAVE_STDINT_H 1
| #define HAVE_UNISTD_H 1
| /* end confdefs.h.  */
| #include <stdio.h>
| #if HAVE_SYS_TYPES_H
| # include <sys/types.h>
| #endif
| #if HAVE_SYS_STAT_H
| # include <sys/stat.h>
| #endif
| #if STDC_HEADERS
| # include <stdlib.h>
| # include <stddef.h>
| #else
| # if HAVE_STDLIB_H
| #  include <stdlib.h>
| # endif
| #endif
| #if HAVE_STRING_H
| # if !STDC_HEADERS && HAVE_MEMORY_H
| #  include <memory.h>
| # endif
| # include <string.h>
| #endif
| #if HAVE_STRINGS_H
| # include <strings.h>
| #endif
| #if HAVE_INTTYPES_H
| # include <inttypes.h>
| #else
| # if HAVE_STDINT_H
| #  include <stdint.h>
| # endif
| #endif
| #if HAVE_UNISTD_H
| # include <unistd.h>
| #endif
| #include <minix/config.h>
configure:3871: result: no
configure:3875: checking minix/config.h presence
configure:3886: gcc -E  conftest.c
configure:3897:26: minix/config.h: No such file or directory
configure:3892: $? = 1
configure: failed program was:
| #line 3877 "configure"
| /* confdefs.h.  */
| 
| #define PACKAGE_NAME "sharutils"
| #define PACKAGE_TARNAME "sharutils"
| #define PACKAGE_VERSION "4.3.76"
| #define PACKAGE_STRING "sharutils 4.3.76"
| #define PACKAGE_BUGREPORT "bug-gnu-utils@gnu.org"
| #define PACKAGE "sharutils"
| #define VERSION "4.3.76"
| #define STDC_HEADERS 1
| #define HAVE_SYS_TYPES_H 1
| #define HAVE_SYS_STAT_H 1
| #define HAVE_STDLIB_H 1
| #define HAVE_STRING_H 1
| #define HAVE_MEMORY_H 1
| #define HAVE_STRINGS_H 1
| #define HAVE_INTTYPES_H 1
| #define HAVE_STDINT_H 1
| #define HAVE_UNISTD_H 1
| /* end confdefs.h.  */
| #include <minix/config.h>
configure:3911: result: no
configure:3947: checking for minix/config.h
configure:3954: result: no
configure:3986: checking for gcc option to accept ANSI C
configure:4050: gcc  -c -g -O2  conftest.c >&5
configure:4053: $? = 0
configure:4056: test -s conftest.o
configure:4059: $? = 0
configure:4074: result: none needed
configure:4092: checking for special C compiler options needed for large files
configure:4172: result: no
configure:4178: checking for _FILE_OFFSET_BITS value needed for large files
configure:4210: gcc -c -g -O2  conftest.c >&5
configure:4211: warning: left shift count >= width of type
configure:4211: warning: left shift count >= width of type
configure:4213: size of array `off_t_is_large' is negative
configure:4213: $? = 1
configure: failed program was:
| #line 4185 "configure"
| /* confdefs.h.  */
| 
| #define PACKAGE_NAME "sharutils"
| #define PACKAGE_TARNAME "sharutils"
| #define PACKAGE_VERSION "4.3.76"
| #define PACKAGE_STRING "sharutils 4.3.76"
| #define PACKAGE_BUGREPORT "bug-gnu-utils@gnu.org"
| #define PACKAGE "sharutils"
| #define VERSION "4.3.76"
| #define STDC_HEADERS 1
| #define HAVE_SYS_TYPES_H 1
| #define HAVE_SYS_STAT_H 1
| #define HAVE_STDLIB_H 1
| #define HAVE_STRING_H 1
| #define HAVE_MEMORY_H 1
| #define HAVE_STRINGS_H 1
| #define HAVE_INTTYPES_H 1
| #define HAVE_STDINT_H 1
| #define HAVE_UNISTD_H 1
| /* end confdefs.h.  */
| #include <sys/types.h>
|  /* Check that off_t can represent 2**63 - 1 correctly.
|     We can't simply define LARGE_OFF_T to be 9223372036854775807,
|     since some C++ compilers masquerading as C compilers
|     incorrectly reject 9223372036854775807.  */
| #define LARGE_OFF_T (((off_t) 1 << 62) - 1 + ((off_t) 1 << 62))
|   int off_t_is_large[(LARGE_OFF_T % 2147483629 == 721
| 		       && LARGE_OFF_T % 2147483647 == 1)
| 		      ? 1 : -1];
| int
| main ()
| {
| 
|   ;
|   return 0;
| }
configure:4254: gcc -c -g -O2  conftest.c >&5
configure:4257: $? = 0
configure:4260: test -s conftest.o
configure:4263: $? = 0
configure:4275: result: 64
configure:4285: checking for _LARGE_FILES value needed for large files
configure:4317: gcc -c -g -O2  conftest.c >&5
configure:4320: $? = 0
configure:4323: test -s conftest.o
configure:4326: $? = 0
configure:4382: result: no
configure:4396: checking whether char is unsigned
configure:4420: gcc -c -g -O2  conftest.c >&5
configure:4423: $? = 0
configure:4426: test -s conftest.o
configure:4429: $? = 0
configure:4440: result: no
configure:4450: checking for an ANSI C-conforming const
configure:4518: gcc -c -g -O2  conftest.c >&5
configure:4521: $? = 0
configure:4524: test -s conftest.o
configure:4527: $? = 0
configure:4538: result: yes
configure:4548: checking for inline
configure:4570: gcc -c -g -O2  conftest.c >&5
configure:4573: $? = 0
configure:4576: test -s conftest.o
configure:4579: $? = 0
configure:4591: result: inline
configure:4606: checking whether byte ordering is bigendian
configure:4634: gcc -c -g -O2  conftest.c >&5
configure:4637: $? = 0
configure:4640: test -s conftest.o
configure:4643: $? = 0
configure:4668: gcc -c -g -O2  conftest.c >&5
configure: In function `main':
configure:4674: `not' undeclared (first use in this function)
configure:4674: (Each undeclared identifier is reported only once
configure:4674: for each function it appears in.)
configure:4674: parse error before "big"
configure:4671: $? = 1
configure: failed program was:
| #line 4646 "configure"
| /* confdefs.h.  */
| 
| #define PACKAGE_NAME "sharutils"
| #define PACKAGE_TARNAME "sharutils"
| #define PACKAGE_VERSION "4.3.76"
| #define PACKAGE_STRING "sharutils 4.3.76"
| #define PACKAGE_BUGREPORT "bug-gnu-utils@gnu.org"
| #define PACKAGE "sharutils"
| #define VERSION "4.3.76"
| #define STDC_HEADERS 1
| #define HAVE_SYS_TYPES_H 1
| #define HAVE_SYS_STAT_H 1
| #define HAVE_STDLIB_H 1
| #define HAVE_STRING_H 1
| #define HAVE_MEMORY_H 1
| #define HAVE_STRINGS_H 1
| #define HAVE_INTTYPES_H 1
| #define HAVE_STDINT_H 1
| #define HAVE_UNISTD_H 1
| #define _FILE_OFFSET_BITS 64
| /* end confdefs.h.  */
| #include <sys/types.h>
| #include <sys/param.h>
| 
| int
| main ()
| {
| #if BYTE_ORDER != BIG_ENDIAN
|  not big endian
| #endif
| 
|   ;
|   return 0;
| }
configure:4791: result: no
configure:4830: checking limits.h usability
configure:4843: gcc -c -g -O2  conftest.c >&5
configure:4846: $? = 0
configure:4849: test -s conftest.o
configure:4852: $? = 0
configure:4862: result: yes
configure:4866: checking limits.h presence
configure:4877: gcc -E  conftest.c
configure:4883: $? = 0
configure:4902: result: yes
configure:4938: checking for limits.h
configure:4945: result: yes
configure:4830: checking locale.h usability
configure:4843: gcc -c -g -O2  conftest.c >&5
configure:4846: $? = 0
configure:4849: test -s conftest.o
configure:4852: $? = 0
configure:4862: result: yes
configure:4866: checking locale.h presence
configure:4877: gcc -E  conftest.c
configure:4883: $? = 0
configure:4902: result: yes
configure:4938: checking for locale.h
configure:4945: result: yes
configure:4821: checking for memory.h
configure:4826: result: yes
configure:4821: checking for string.h
configure:4826: result: yes
configure:4830: checking sys/wait.h usability
configure:4843: gcc -c -g -O2  conftest.c >&5
configure:4846: $? = 0
configure:4849: test -s conftest.o
configure:4852: $? = 0
configure:4862: result: yes
configure:4866: checking sys/wait.h presence
configure:4877: gcc -E  conftest.c
configure:4883: $? = 0
configure:4902: result: yes
configure:4938: checking for sys/wait.h
configure:4945: result: yes
configure:4821: checking for unistd.h
configure:4826: result: yes
configure:4966: checking for dirent.h that defines DIR
configure:4991: gcc -c -g -O2  conftest.c >&5
configure:4994: $? = 0
configure:4997: test -s conftest.o
configure:5000: $? = 0
configure:5011: result: yes
configure:5024: checking for library containing opendir
configure:5055: gcc -o conftest -g -O2   conftest.c  >&5
configure:5058: $? = 0
configure:5061: test -s conftest
configure:5064: $? = 0
configure:5123: result: none required
configure:5239: checking whether stat file-mode macros are broken
configure:5288: result: no
configure:5298: checking for ANSI C header files
configure:5445: result: yes
configure:5455: checking whether struct tm is in sys/time.h or time.h
configure:5479: gcc -c -g -O2  conftest.c >&5
configure:5482: $? = 0
configure:5485: test -s conftest.o
configure:5488: $? = 0
configure:5499: result: time.h
configure:5509: checking for struct tm.tm_zone
configure:5536: gcc -c -g -O2  conftest.c >&5
configure:5539: $? = 0
configure:5542: test -s conftest.o
configure:5545: $? = 0
configure:5596: result: yes
configure:5671: checking for size_t
configure:5696: gcc -c -g -O2  conftest.c >&5
configure:5699: $? = 0
configure:5702: test -s conftest.o
configure:5705: $? = 0
configure:5716: result: yes
configure:5736: checking for strerror
configure:5780: gcc -o conftest -g -O2   conftest.c  >&5
configure:5783: $? = 0
configure:5786: test -s conftest
configure:5789: $? = 0
configure:5800: result: yes
configure:5736: checking for vprintf
configure:5780: gcc -o conftest -g -O2   conftest.c  >&5
configure:5783: $? = 0
configure:5786: test -s conftest
configure:5789: $? = 0
configure:5800: result: yes
configure:5736: checking for doprnt
configure:5780: gcc -o conftest -g -O2   conftest.c  >&5
/tmp/ccAwRGge.o: In function `main':
/home/ke/Projects/sharutils/sharutils-4.3.76/=build/configure:5799: undefined reference to `doprnt'
collect2: ld returned 1 exit status
configure:5783: $? = 1
configure: failed program was:
| #line 5741 "configure"
| /* confdefs.h.  */
| 
| #define PACKAGE_NAME "sharutils"
| #define PACKAGE_TARNAME "sharutils"
| #define PACKAGE_VERSION "4.3.76"
| #define PACKAGE_STRING "sharutils 4.3.76"
| #define PACKAGE_BUGREPORT "bug-gnu-utils@gnu.org"
| #define PACKAGE "sharutils"
| #define VERSION "4.3.76"
| #define STDC_HEADERS 1
| #define HAVE_SYS_TYPES_H 1
| #define HAVE_SYS_STAT_H 1
| #define HAVE_STDLIB_H 1
| #define HAVE_STRING_H 1
| #define HAVE_MEMORY_H 1
| #define HAVE_STRINGS_H 1
| #define HAVE_INTTYPES_H 1
| #define HAVE_STDINT_H 1
| #define HAVE_UNISTD_H 1
| #define _FILE_OFFSET_BITS 64
| #define HAVE_LIMITS_H 1
| #define HAVE_LOCALE_H 1
| #define HAVE_MEMORY_H 1
| #define HAVE_STRING_H 1
| #define HAVE_SYS_WAIT_H 1
| #define HAVE_UNISTD_H 1
| #define HAVE_DIRENT_H 1
| #define STDC_HEADERS 1
| #define HAVE_STRUCT_TM_TM_ZONE 1
| #define HAVE_TM_ZONE 1
| #define HAVE_STRERROR 1
| #define HAVE_VPRINTF 1
| /* end confdefs.h.  */
| /* System header to define __stub macros and hopefully few prototypes,
|     which can conflict with char doprnt (); below.  */
| #include <assert.h>
| /* Override any gcc2 internal prototype to avoid an error.  */
| #ifdef __cplusplus
| extern "C"
| {
| #endif
| /* We use char because int might match the return type of a gcc2
|    builtin and then its argument prototype would still apply.  */
| char doprnt ();
| /* The GNU C library defines this for functions which it implements
|     to always fail with ENOSYS.  Some functions are actually named
|     something starting with __ and the normal name is an alias.  */
| #if defined (__stub_doprnt) || defined (__stub___doprnt)
| choke me
| #else
| char (*f) () = doprnt;
| #endif
| #ifdef __cplusplus
| }
| #endif
| 
| int
| main ()
| {
| 
|   ;
|   return 0;
| }
configure:5800: result: no
configure:5810: checking whether strerror is declared
configure:5835: gcc -c -g -O2  conftest.c >&5
configure:5838: $? = 0
configure:5841: test -s conftest.o
configure:5844: $? = 0
configure:5855: result: yes
configure:5873: checking whether strerror_r is declared
configure:5898: gcc -c -g -O2  conftest.c >&5
configure:5901: $? = 0
configure:5904: test -s conftest.o
configure:5907: $? = 0
configure:5918: result: yes
configure:5940: checking for strerror_r
configure:5984: gcc -o conftest -g -O2   conftest.c  >&5
configure:5987: $? = 0
configure:5990: test -s conftest
configure:5993: $? = 0
configure:6004: result: yes
configure:6014: checking whether strerror_r returns char *
configure:6043: gcc -c -g -O2  conftest.c >&5
configure:6046: $? = 0
configure:6049: test -s conftest.o
configure:6052: $? = 0
configure:6113: result: yes
configure:6123: checking for ANSI C header files
configure:6270: result: yes
configure:6288: checking whether malloc(0) returns a non-NULL pointer
configure:6313: gcc -o conftest -g -O2   conftest.c  >&5
configure:6316: $? = 0
configure:6318: ./conftest
configure:6321: $? = 0
configure:6336: result: yes
configure:6354: checking whether realloc(0,0) returns a non-NULL pointer
configure:6379: gcc -o conftest -g -O2   conftest.c  >&5
configure:6382: $? = 0
configure:6384: ./conftest
configure:6387: $? = 0
configure:6402: result: yes
configure:6423: checking for fchmod
configure:6467: gcc -o conftest -g -O2   conftest.c  >&5
configure:6470: $? = 0
configure:6473: test -s conftest
configure:6476: $? = 0
configure:6487: result: yes
configure:6423: checking for getcwd
configure:6467: gcc -o conftest -g -O2   conftest.c  >&5
configure:6470: $? = 0
configure:6473: test -s conftest
configure:6476: $? = 0
configure:6487: result: yes
configure:6423: checking for isascii
configure:6467: gcc -o conftest -g -O2   conftest.c  >&5
configure:6470: $? = 0
configure:6473: test -s conftest
configure:6476: $? = 0
configure:6487: result: yes
configure:6423: checking for memcpy
configure:6467: gcc -o conftest -g -O2   conftest.c  >&5
configure:6481: warning: conflicting types for built-in function `memcpy'
configure:6470: $? = 0
configure:6473: test -s conftest
configure:6476: $? = 0
configure:6487: result: yes
configure:6423: checking for strchr
configure:6467: gcc -o conftest -g -O2   conftest.c  >&5
configure:6482: warning: conflicting types for built-in function `strchr'
configure:6470: $? = 0
configure:6473: test -s conftest
configure:6476: $? = 0
configure:6487: result: yes
configure:6423: checking for strerror
configure:6487: result: yes
configure:6423: checking for uname
configure:6467: gcc -o conftest -g -O2   conftest.c  >&5
configure:6470: $? = 0
configure:6473: test -s conftest
configure:6476: $? = 0
configure:6487: result: yes
configure:6499: checking for working alloca.h
configure:6521: gcc -o conftest -g -O2   conftest.c  >&5
configure:6524: $? = 0
configure:6527: test -s conftest
configure:6530: $? = 0
configure:6541: result: yes
configure:6551: checking for alloca
configure:6593: gcc -o conftest -g -O2   conftest.c  >&5
configure:6596: $? = 0
configure:6599: test -s conftest
configure:6602: $? = 0
configure:6613: result: yes
configure:6814: checking whether closedir returns void
configure:6844: gcc -o conftest -g -O2   conftest.c  >&5
configure:6847: $? = 0
configure:6849: ./conftest
configure:6852: $? = 0
configure:6866: result: no
configure:6876: checking for _LARGEFILE_SOURCE value needed for large files
configure:6900: gcc -c -g -O2  conftest.c >&5
configure: In function `main':
configure:6936: `fseeko' undeclared (first use in this function)
configure:6936: (Each undeclared identifier is reported only once
configure:6936: for each function it appears in.)
configure:6903: $? = 1
configure: failed program was:
| #line 6883 "configure"
| /* confdefs.h.  */
| 
| #define PACKAGE_NAME "sharutils"
| #define PACKAGE_TARNAME "sharutils"
| #define PACKAGE_VERSION "4.3.76"
| #define PACKAGE_STRING "sharutils 4.3.76"
| #define PACKAGE_BUGREPORT "bug-gnu-utils@gnu.org"
| #define PACKAGE "sharutils"
| #define VERSION "4.3.76"
| #define STDC_HEADERS 1
| #define HAVE_SYS_TYPES_H 1
| #define HAVE_SYS_STAT_H 1
| #define HAVE_STDLIB_H 1
| #define HAVE_STRING_H 1
| #define HAVE_MEMORY_H 1
| #define HAVE_STRINGS_H 1
| #define HAVE_INTTYPES_H 1
| #define HAVE_STDINT_H 1
| #define HAVE_UNISTD_H 1
| #define _FILE_OFFSET_BITS 64
| #define HAVE_LIMITS_H 1
| #define HAVE_LOCALE_H 1
| #define HAVE_MEMORY_H 1
| #define HAVE_STRING_H 1
| #define HAVE_SYS_WAIT_H 1
| #define HAVE_UNISTD_H 1
| #define HAVE_DIRENT_H 1
| #define STDC_HEADERS 1
| #define HAVE_STRUCT_TM_TM_ZONE 1
| #define HAVE_TM_ZONE 1
| #define HAVE_STRERROR 1
| #define HAVE_VPRINTF 1
| #define HAVE_DECL_STRERROR 1
| #define HAVE_DECL_STRERROR_R 1
| #define HAVE_STRERROR_R 1
| #define STRERROR_R_CHAR_P 1
| #define STDC_HEADERS 1
| #define HAVE_DONE_WORKING_MALLOC_CHECK 1
| #define HAVE_DONE_WORKING_REALLOC_CHECK 1
| #define HAVE_FCHMOD 1
| #define HAVE_GETCWD 1
| #define HAVE_ISASCII 1
| #define HAVE_MEMCPY 1
| #define HAVE_STRCHR 1
| #define HAVE_STRERROR 1
| #define HAVE_UNAME 1
| #define HAVE_ALLOCA_H 1
| #define HAVE_ALLOCA 1
| /* end confdefs.h.  */
| #include <stdio.h>
| int
| main ()
| {
| return !fseeko;
|   ;
|   return 0;
| }
configure:6936: gcc -c -g -O2  conftest.c >&5
configure:6939: $? = 0
configure:6942: test -s conftest.o
configure:6945: $? = 0
configure:6957: result: 1
configure:6971: checking for fseeko
configure:6993: gcc -o conftest -g -O2   conftest.c  >&5
configure:6996: $? = 0
configure:6999: test -s conftest
configure:7002: $? = 0
configure:7013: result: yes
configure:7027: checking for strftime
configure:7071: gcc -o conftest -g -O2   conftest.c  >&5
configure:7074: $? = 0
configure:7077: test -s conftest
configure:7080: $? = 0
configure:7091: result: yes
configure:7169: checking for vprintf
configure:7233: result: yes
configure:7240: checking for _doprnt
configure:7284: gcc -o conftest -g -O2   conftest.c  >&5
/tmp/ccqIG5vI.o: In function `main':
/home/ke/Projects/sharutils/sharutils-4.3.76/=build/configure:7323: undefined reference to `_doprnt'
collect2: ld returned 1 exit status
configure:7287: $? = 1
configure: failed program was:
| #line 7245 "configure"
| /* confdefs.h.  */
| 
| #define PACKAGE_NAME "sharutils"
| #define PACKAGE_TARNAME "sharutils"
| #define PACKAGE_VERSION "4.3.76"
| #define PACKAGE_STRING "sharutils 4.3.76"
| #define PACKAGE_BUGREPORT "bug-gnu-utils@gnu.org"
| #define PACKAGE "sharutils"
| #define VERSION "4.3.76"
| #define STDC_HEADERS 1
| #define HAVE_SYS_TYPES_H 1
| #define HAVE_SYS_STAT_H 1
| #define HAVE_STDLIB_H 1
| #define HAVE_STRING_H 1
| #define HAVE_MEMORY_H 1
| #define HAVE_STRINGS_H 1
| #define HAVE_INTTYPES_H 1
| #define HAVE_STDINT_H 1
| #define HAVE_UNISTD_H 1
| #define _FILE_OFFSET_BITS 64
| #define HAVE_LIMITS_H 1
| #define HAVE_LOCALE_H 1
| #define HAVE_MEMORY_H 1
| #define HAVE_STRING_H 1
| #define HAVE_SYS_WAIT_H 1
| #define HAVE_UNISTD_H 1
| #define HAVE_DIRENT_H 1
| #define STDC_HEADERS 1
| #define HAVE_STRUCT_TM_TM_ZONE 1
| #define HAVE_TM_ZONE 1
| #define HAVE_STRERROR 1
| #define HAVE_VPRINTF 1
| #define HAVE_DECL_STRERROR 1
| #define HAVE_DECL_STRERROR_R 1
| #define HAVE_STRERROR_R 1
| #define STRERROR_R_CHAR_P 1
| #define STDC_HEADERS 1
| #define HAVE_DONE_WORKING_MALLOC_CHECK 1
| #define HAVE_DONE_WORKING_REALLOC_CHECK 1
| #define HAVE_FCHMOD 1
| #define HAVE_GETCWD 1
| #define HAVE_ISASCII 1
| #define HAVE_MEMCPY 1
| #define HAVE_STRCHR 1
| #define HAVE_STRERROR 1
| #define HAVE_UNAME 1
| #define HAVE_ALLOCA_H 1
| #define HAVE_ALLOCA 1
| #define _LARGEFILE_SOURCE 1
| #define HAVE_FSEEKO 1
| #define HAVE_STRFTIME 1
| #define HAVE_VPRINTF 1
| /* end confdefs.h.  */
| /* System header to define __stub macros and hopefully few prototypes,
|     which can conflict with char _doprnt (); below.  */
| #include <assert.h>
| /* Override any gcc2 internal prototype to avoid an error.  */
| #ifdef __cplusplus
| extern "C"
| {
| #endif
| /* We use char because int might match the return type of a gcc2
|    builtin and then its argument prototype would still apply.  */
| char _doprnt ();
| /* The GNU C library defines this for functions which it implements
|     to always fail with ENOSYS.  Some functions are actually named
|     something starting with __ and the normal name is an alias.  */
| #if defined (__stub__doprnt) || defined (__stub____doprnt)
| choke me
| #else
| char (*f) () = _doprnt;
| #endif
| #ifdef __cplusplus
| }
| #endif
| 
| int
| main ()
| {
| 
|   ;
|   return 0;
| }
configure:7304: result: no
configure:7325: checking for memset
configure:7369: gcc -o conftest -g -O2   conftest.c  >&5
configure:7393: warning: conflicting types for built-in function `memset'
configure:7372: $? = 0
configure:7375: test -s conftest
configure:7378: $? = 0
configure:7389: result: yes
configure:7325: checking for mktime
configure:7369: gcc -o conftest -g -O2   conftest.c  >&5
configure:7372: $? = 0
configure:7375: test -s conftest
configure:7378: $? = 0
configure:7389: result: yes
configure:7325: checking for stpcpy
configure:7369: gcc -o conftest -g -O2   conftest.c  >&5
configure:7372: $? = 0
configure:7375: test -s conftest
configure:7378: $? = 0
configure:7389: result: yes
configure:7325: checking for strftime
configure:7389: result: yes
configure:7403: checking for long long
configure:7426: gcc -o conftest -g -O2   conftest.c  >&5
configure:7429: $? = 0
configure:7432: test -s conftest
configure:7435: $? = 0
configure:7446: result: yes
configure:7458: checking for intmax_t
configure:7483: gcc -c -g -O2  conftest.c >&5
configure:7486: $? = 0
configure:7489: test -s conftest.o
configure:7492: $? = 0
configure:7503: result: yes
configure:7520: checking for unsigned long long
configure:7543: gcc -o conftest -g -O2   conftest.c  >&5
configure:7546: $? = 0
configure:7549: test -s conftest
configure:7552: $? = 0
configure:7563: result: yes
configure:7575: checking for uintmax_t
configure:7600: gcc -c -g -O2  conftest.c >&5
configure:7603: $? = 0
configure:7606: test -s conftest.o
configure:7609: $? = 0
configure:7620: result: yes
configure:7641: checking whether strtol is declared
configure:7666: gcc -c -g -O2  conftest.c >&5
configure:7669: $? = 0
configure:7672: test -s conftest.o
configure:7675: $? = 0
configure:7686: result: yes
configure:7702: checking whether strtoul is declared
configure:7727: gcc -c -g -O2  conftest.c >&5
configure:7730: $? = 0
configure:7733: test -s conftest.o
configure:7736: $? = 0
configure:7747: result: yes
configure:7763: checking whether strtoll is declared
configure:7788: gcc -c -g -O2  conftest.c >&5
configure:7791: $? = 0
configure:7794: test -s conftest.o
configure:7797: $? = 0
configure:7808: result: yes
configure:7824: checking whether strtoimax is declared
configure:7849: gcc -c -g -O2  conftest.c >&5
configure:7852: $? = 0
configure:7855: test -s conftest.o
configure:7858: $? = 0
configure:7869: result: yes
configure:7885: checking whether strtoumax is declared
configure:7910: gcc -c -g -O2  conftest.c >&5
configure:7913: $? = 0
configure:7916: test -s conftest.o
configure:7919: $? = 0
configure:7930: result: yes
configure:7955: checking for limits.h
configure:7960: result: yes
configure:7955: checking for stdlib.h
configure:7960: result: yes
configure:7955: checking for inttypes.h
configure:7960: result: yes
configure:8093: checking whether <inttypes.h> defines strtoimax as a macro
configure:8119: result: no
configure:8127: checking for strtoimax
configure:8171: gcc -o conftest -g -O2   conftest.c  >&5
configure:8174: $? = 0
configure:8177: test -s conftest
configure:8180: $? = 0
configure:8191: result: yes
configure:8377: checking for /etc/systemid
configure:8388: result: no
configure:8392: checking if uuencode and uudecode are wanted
configure:8410: result: yes
configure:8434: checking for msgfmt
configure:8462: result: /usr/bin/msgfmt
configure:8471: checking for gmsgfmt
configure:8502: result: /usr/bin/msgfmt
configure:8512: checking for xgettext
configure:8540: result: /usr/bin/xgettext
configure:8551: checking for msgmerge
configure:8578: result: /usr/bin/msgmerge
configure:8619: checking build system type
configure:8637: result: i686-suse-linux
configure:8645: checking host system type
configure:8659: result: i686-suse-linux
configure:8667: checking for off_t
configure:8692: gcc -c -g -O2  conftest.c >&5
configure:8695: $? = 0
configure:8698: test -s conftest.o
configure:8701: $? = 0
configure:8712: result: yes
configure:8730: checking for stdlib.h
configure:8735: result: yes
configure:8730: checking for unistd.h
configure:8735: result: yes
configure:8871: checking for getpagesize
configure:8915: gcc -o conftest -g -O2   conftest.c  >&5
configure:8918: $? = 0
configure:8921: test -s conftest
configure:8924: $? = 0
configure:8935: result: yes
configure:8945: checking for working mmap
configure:9088: gcc -o conftest -g -O2   conftest.c  >&5
configure:9091: $? = 0
configure:9093: ./conftest
configure:9096: $? = 0
configure:9110: result: yes
configure:9122: checking whether we are using the GNU C Library 2.1 or newer
configure:9154: result: yes
configure:9162: checking whether integer division by zero raises SIGFPE
configure:9225: gcc -o conftest -g -O2   conftest.c  >&5
configure:9228: $? = 0
configure:9230: ./conftest
configure:9233: $? = 0
configure:9248: result: yes
configure:9287: checking for ld used by GCC
configure:9350: result: /usr/i486-suse-linux/bin/ld
configure:9359: checking if the linker (/usr/i486-suse-linux/bin/ld) is GNU ld
GNU ld version 2.12.90.0.15 20020717 (SuSE)
configure:9371: result: yes
configure:9377: checking for shared library run path origin
configure:9390: result: done
configure:9818: checking argz.h usability
configure:9831: gcc -c -g -O2  conftest.c >&5
configure:9834: $? = 0
configure:9837: test -s conftest.o
configure:9840: $? = 0
configure:9850: result: yes
configure:9854: checking argz.h presence
configure:9865: gcc -E  conftest.c
configure:9871: $? = 0
configure:9890: result: yes
configure:9926: checking for argz.h
configure:9933: result: yes
configure:9809: checking for limits.h
configure:9814: result: yes
configure:9809: checking for locale.h
configure:9814: result: yes
configure:9818: checking nl_types.h usability
configure:9831: gcc -c -g -O2  conftest.c >&5
configure:9834: $? = 0
configure:9837: test -s conftest.o
configure:9840: $? = 0
configure:9850: result: yes
configure:9854: checking nl_types.h presence
configure:9865: gcc -E  conftest.c
configure:9871: $? = 0
configure:9890: result: yes
configure:9926: checking for nl_types.h
configure:9933: result: yes
configure:9818: checking malloc.h usability
configure:9831: gcc -c -g -O2  conftest.c >&5
configure:9834: $? = 0
configure:9837: test -s conftest.o
configure:9840: $? = 0
configure:9850: result: yes
configure:9854: checking malloc.h presence
configure:9865: gcc -E  conftest.c
configure:9871: $? = 0
configure:9890: result: yes
configure:9926: checking for malloc.h
configure:9933: result: yes
configure:9818: checking stddef.h usability
configure:9831: gcc -c -g -O2  conftest.c >&5
configure:9834: $? = 0
configure:9837: test -s conftest.o
configure:9840: $? = 0
configure:9850: result: yes
configure:9854: checking stddef.h presence
configure:9865: gcc -E  conftest.c
configure:9871: $? = 0
configure:9890: result: yes
configure:9926: checking for stddef.h
configure:9933: result: yes
configure:9809: checking for stdlib.h
configure:9814: result: yes
configure:9809: checking for string.h
configure:9814: result: yes
configure:9809: checking for unistd.h
configure:9814: result: yes
configure:9818: checking sys/param.h usability
configure:9831: gcc -c -g -O2  conftest.c >&5
configure:9834: $? = 0
configure:9837: test -s conftest.o
configure:9840: $? = 0
configure:9850: result: yes
configure:9854: checking sys/param.h presence
configure:9865: gcc -E  conftest.c
configure:9871: $? = 0
configure:9890: result: yes
configure:9926: checking for sys/param.h
configure:9933: result: yes
configure:9972: checking for feof_unlocked
configure:10016: gcc -o conftest -g -O2   conftest.c  >&5
configure:10019: $? = 0
configure:10022: test -s conftest
configure:10025: $? = 0
configure:10036: result: yes
configure:9972: checking for fgets_unlocked
configure:10016: gcc -o conftest -g -O2   conftest.c  >&5
configure:10019: $? = 0
configure:10022: test -s conftest
configure:10025: $? = 0
configure:10036: result: yes
configure:9972: checking for getc_unlocked
configure:10016: gcc -o conftest -g -O2   conftest.c  >&5
configure:10019: $? = 0
configure:10022: test -s conftest
configure:10025: $? = 0
configure:10036: result: yes
configure:9972: checking for getcwd
configure:10036: result: yes
configure:9972: checking for getegid
configure:10016: gcc -o conftest -g -O2   conftest.c  >&5
configure:10019: $? = 0
configure:10022: test -s conftest
configure:10025: $? = 0
configure:10036: result: yes
configure:9972: checking for geteuid
configure:10016: gcc -o conftest -g -O2   conftest.c  >&5
configure:10019: $? = 0
configure:10022: test -s conftest
configure:10025: $? = 0
configure:10036: result: yes
configure:9972: checking for getgid
configure:10016: gcc -o conftest -g -O2   conftest.c  >&5
configure:10019: $? = 0
configure:10022: test -s conftest
configure:10025: $? = 0
configure:10036: result: yes
configure:9972: checking for getuid
configure:10016: gcc -o conftest -g -O2   conftest.c  >&5
configure:10019: $? = 0
configure:10022: test -s conftest
configure:10025: $? = 0
configure:10036: result: yes
configure:9972: checking for mempcpy
configure:10016: gcc -o conftest -g -O2   conftest.c  >&5
configure:10019: $? = 0
configure:10022: test -s conftest
configure:10025: $? = 0
configure:10036: result: yes
configure:9972: checking for munmap
configure:10016: gcc -o conftest -g -O2   conftest.c  >&5
configure:10019: $? = 0
configure:10022: test -s conftest
configure:10025: $? = 0
configure:10036: result: yes
configure:9972: checking for putenv
configure:10016: gcc -o conftest -g -O2   conftest.c  >&5
configure:10019: $? = 0
configure:10022: test -s conftest
configure:10025: $? = 0
configure:10036: result: yes
configure:9972: checking for setenv
configure:10016: gcc -o conftest -g -O2   conftest.c  >&5
configure:10019: $? = 0
configure:10022: test -s conftest
configure:10025: $? = 0
configure:10036: result: yes
configure:9972: checking for setlocale
configure:10016: gcc -o conftest -g -O2   conftest.c  >&5
configure:10019: $? = 0
configure:10022: test -s conftest
configure:10025: $? = 0
configure:10036: result: yes
configure:9972: checking for stpcpy
configure:10036: result: yes
configure:9972: checking for strcasecmp
configure:10016: gcc -o conftest -g -O2   conftest.c  >&5
configure:10019: $? = 0
configure:10022: test -s conftest
configure:10025: $? = 0
configure:10036: result: yes
configure:9972: checking for strdup
configure:10016: gcc -o conftest -g -O2   conftest.c  >&5
configure:10019: $? = 0
configure:10022: test -s conftest
configure:10025: $? = 0
configure:10036: result: yes
configure:9972: checking for strtoul
configure:10016: gcc -o conftest -g -O2   conftest.c  >&5
configure:10019: $? = 0
configure:10022: test -s conftest
configure:10025: $? = 0
configure:10036: result: yes
configure:9972: checking for tsearch
configure:10016: gcc -o conftest -g -O2   conftest.c  >&5
configure:10019: $? = 0
configure:10022: test -s conftest
configure:10025: $? = 0
configure:10036: result: yes
configure:9972: checking for __argz_count
configure:10016: gcc -o conftest -g -O2   conftest.c  >&5
configure:10019: $? = 0
configure:10022: test -s conftest
configure:10025: $? = 0
configure:10036: result: yes
configure:9972: checking for __argz_stringify
configure:10016: gcc -o conftest -g -O2   conftest.c  >&5
configure:10019: $? = 0
configure:10022: test -s conftest
configure:10025: $? = 0
configure:10036: result: yes
configure:9972: checking for __argz_next
configure:10016: gcc -o conftest -g -O2   conftest.c  >&5
configure:10019: $? = 0
configure:10022: test -s conftest
configure:10025: $? = 0
configure:10036: result: yes
configure:10077: checking for iconv
configure:10105: gcc -o conftest -g -O2   conftest.c  >&5
configure:10108: $? = 0
configure:10111: test -s conftest
configure:10114: $? = 0
configure:10169: result: yes
configure:10192: checking for iconv declaration
configure:10227: gcc -c -g -O2  conftest.c >&5
configure:10230: $? = 0
configure:10233: test -s conftest.o
configure:10236: $? = 0
configure:10251: result: 
         extern size_t iconv (iconv_t cd, char * *inbuf, size_t *inbytesleft, char * *outbuf, size_t *outbytesleft);
configure:10262: checking for nl_langinfo and CODESET
configure:10284: gcc -o conftest -g -O2   conftest.c  >&5
configure:10287: $? = 0
configure:10290: test -s conftest
configure:10293: $? = 0
configure:10305: result: yes
configure:10317: checking for LC_MESSAGES
configure:10339: gcc -o conftest -g -O2   conftest.c  >&5
configure:10342: $? = 0
configure:10345: test -s conftest
configure:10348: $? = 0
configure:10359: result: yes
configure:10375: checking for bison
configure:10391: found /usr/bin/bison
configure:10401: result: bison
configure:10414: checking version of bison
configure:10423: result: 1.35, ok
configure:10444: checking whether NLS is requested
configure:10453: result: yes
configure:10468: checking whether included gettext is requested
configure:10478: result: yes
configure:11148: checking if malloc debugging is wanted
configure:11169: result: no
configure:11298: creating ./config.status

## ---------------------- ##
## Running config.status. ##
## ---------------------- ##

This file was extended by sharutils config.status 4.3.76, which was
generated by GNU Autoconf 2.56.  Invocation command line was

  CONFIG_FILES    = 
  CONFIG_HEADERS  = 
  CONFIG_LINKS    = 
  CONFIG_COMMANDS = 
  $ ./config.status 

on tux

config.status:716: creating Makefile
config.status:716: creating contrib/Makefile
config.status:716: creating doc/Makefile
config.status:716: creating intl/Makefile
config.status:716: creating lib/Makefile
config.status:716: creating m4/Makefile
config.status:716: creating po/Makefile.in
config.status:716: creating src/Makefile
config.status:716: creating src/compress-dummy
config.status:716: creating src/mail-files
config.status:716: creating src/mailshar
config.status:716: creating src/remsync
config.status:716: creating tests/Makefile
config.status:813: creating config.h
config.status:1240: executing depfiles commands
config.status:1240: executing default-1 commands
config.status:1240: executing default commands

## ---------------- ##
## Cache variables. ##
## ---------------- ##

ac_cv_build=i686-suse-linux
ac_cv_build_alias=i686-suse-linux
ac_cv_c_bigendian=no
ac_cv_c_char_unsigned=no
ac_cv_c_compiler_gnu=yes
ac_cv_c_const=yes
ac_cv_c_inline=inline
ac_cv_env_CC_set=
ac_cv_env_CC_value=
ac_cv_env_CFLAGS_set=
ac_cv_env_CFLAGS_value=
ac_cv_env_CPPFLAGS_set=
ac_cv_env_CPPFLAGS_value=
ac_cv_env_CPP_set=
ac_cv_env_CPP_value=
ac_cv_env_LDFLAGS_set=
ac_cv_env_LDFLAGS_value=
ac_cv_env_build_alias_set=
ac_cv_env_build_alias_value=
ac_cv_env_host_alias_set=
ac_cv_env_host_alias_value=
ac_cv_env_target_alias_set=
ac_cv_env_target_alias_value=
ac_cv_exeext=
ac_cv_func___argz_count=yes
ac_cv_func___argz_next=yes
ac_cv_func___argz_stringify=yes
ac_cv_func__doprnt=no
ac_cv_func_alloca_works=yes
ac_cv_func_closedir_void=no
ac_cv_func_doprnt=no
ac_cv_func_fchmod=yes
ac_cv_func_feof_unlocked=yes
ac_cv_func_fgets_unlocked=yes
ac_cv_func_fseeko=yes
ac_cv_func_getc_unlocked=yes
ac_cv_func_getcwd=yes
ac_cv_func_getegid=yes
ac_cv_func_geteuid=yes
ac_cv_func_getgid=yes
ac_cv_func_getpagesize=yes
ac_cv_func_getuid=yes
ac_cv_func_isascii=yes
ac_cv_func_memcpy=yes
ac_cv_func_mempcpy=yes
ac_cv_func_memset=yes
ac_cv_func_mktime=yes
ac_cv_func_mmap_fixed_mapped=yes
ac_cv_func_munmap=yes
ac_cv_func_putenv=yes
ac_cv_func_setenv=yes
ac_cv_func_setlocale=yes
ac_cv_func_stpcpy=yes
ac_cv_func_strcasecmp=yes
ac_cv_func_strchr=yes
ac_cv_func_strdup=yes
ac_cv_func_strerror=yes
ac_cv_func_strerror_r=yes
ac_cv_func_strerror_r_char_p=yes
ac_cv_func_strftime=yes
ac_cv_func_strtoimax=yes
ac_cv_func_strtoul=yes
ac_cv_func_tsearch=yes
ac_cv_func_uname=yes
ac_cv_func_vprintf=yes
ac_cv_gnu_library_2_1=yes
ac_cv_have_decl_strerror=yes
ac_cv_have_decl_strerror_r=yes
ac_cv_have_decl_strtoimax=yes
ac_cv_have_decl_strtol=yes
ac_cv_have_decl_strtoll=yes
ac_cv_have_decl_strtoul=yes
ac_cv_have_decl_strtoumax=yes
ac_cv_header_argz_h=yes
ac_cv_header_dirent_dirent_h=yes
ac_cv_header_inttypes_h=yes
ac_cv_header_limits_h=yes
ac_cv_header_locale_h=yes
ac_cv_header_malloc_h=yes
ac_cv_header_memory_h=yes
ac_cv_header_minix_config_h=no
ac_cv_header_nl_types_h=yes
ac_cv_header_stat_broken=no
ac_cv_header_stdc=yes
ac_cv_header_stddef_h=yes
ac_cv_header_stdint_h=yes
ac_cv_header_stdlib_h=yes
ac_cv_header_string_h=yes
ac_cv_header_strings_h=yes
ac_cv_header_sys_param_h=yes
ac_cv_header_sys_stat_h=yes
ac_cv_header_sys_types_h=yes
ac_cv_header_sys_wait_h=yes
ac_cv_header_unistd_h=yes
ac_cv_host=i686-suse-linux
ac_cv_host_alias=i686-suse-linux
ac_cv_lib_cposix_strerror=no
ac_cv_member_struct_tm_tm_zone=yes
ac_cv_objext=o
ac_cv_path_COMPRESS=/gnu/bin/compress
ac_cv_path_DIFF=/usr/bin/diff
ac_cv_path_GMSGFMT=/usr/bin/msgfmt
ac_cv_path_MAILER=/usr/bin/Mail
ac_cv_path_MSGFMT=/usr/bin/msgfmt
ac_cv_path_MSGMERGE=/usr/bin/msgmerge
ac_cv_path_PERL=/usr/bin/perl
ac_cv_path_SH=/bin/bash
ac_cv_path_TAR=/bin/tar
ac_cv_path_XGETTEXT=/usr/bin/xgettext
ac_cv_path_install='/usr/bin/install -c'
ac_cv_prog_AWK=gawk
ac_cv_prog_CPP='gcc -E'
ac_cv_prog_INTLBISON=bison
ac_cv_prog_ac_ct_CC=gcc
ac_cv_prog_ac_ct_RANLIB=ranlib
ac_cv_prog_cc_g=yes
ac_cv_prog_cc_stdc=
ac_cv_prog_egrep='grep -E'
ac_cv_prog_make_make_set=yes
ac_cv_search_opendir='none required'
ac_cv_struct_tm=time.h
ac_cv_sys_file_offset_bits=64
ac_cv_sys_large_files=no
ac_cv_sys_largefile_CC=no
ac_cv_sys_largefile_source=1
ac_cv_type_intmax_t=yes
ac_cv_type_long_long=yes
ac_cv_type_off_t=yes
ac_cv_type_size_t=yes
ac_cv_type_uintmax_t=yes
ac_cv_type_unsigned_long_long=yes
ac_cv_working_alloca_h=yes
acl_cv_hardcode_direct=no
acl_cv_hardcode_libdir_flag_spec='${wl}-rpath ${wl}$libdir'
acl_cv_hardcode_libdir_separator=
acl_cv_hardcode_minus_L=no
acl_cv_libext=a
acl_cv_path_LD=/usr/i486-suse-linux/bin/ld
acl_cv_prog_gnu_ld=yes
acl_cv_rpath=done
acl_cv_shlibext=
acl_cv_sys_lib_dlsearch_path_spec='/lib /usr/lib'
acl_cv_sys_lib_search_path_spec='/lib /usr/lib /usr/local/lib'
acl_cv_wl=-Wl,
am_cv_CC_dependencies_compiler_type=gcc3
am_cv_func_iconv=yes
am_cv_langinfo_codeset=yes
am_cv_lib_iconv=no
am_cv_prog_cc_stdc=
am_cv_proto_iconv='extern size_t iconv (iconv_t cd, char * *inbuf, size_t *inbytesleft, char * *outbuf, size_t *outbytesleft);'
am_cv_proto_iconv_arg1=
am_cv_val_LC_MESSAGES=yes
gt_cv_int_divbyzero_sigfpe=yes
jm_cv_func_strtoimax_macro=no
jm_cv_func_working_malloc=yes
jm_cv_func_working_realloc=yes
nls_cv_force_use_gnu_gettext=yes
nls_cv_header_intl=
nls_cv_header_libgt=
nls_cv_use_gnu_gettext=yes

## ----------------- ##
## Output variables. ##
## ----------------- ##

ACLOCAL='${SHELL} /home/ke/Projects/sharutils/sharutils-4.3.76/missing --run aclocal-1.6'
ADD_PROG='uudecode uuencode'
ADD_SCRIPT='mail-files mailshar remsync compress-dummy'
ALLOCA=''
AMDEPBACKSLASH='\'
AMDEP_FALSE='#'
AMDEP_TRUE=''
AMTAR='${SHELL} /home/ke/Projects/sharutils/sharutils-4.3.76/missing --run tar'
AUTOCONF='${SHELL} /home/ke/Projects/sharutils/sharutils-4.3.76/missing --run autoconf'
AUTOHEADER='${SHELL} /home/ke/Projects/sharutils/sharutils-4.3.76/missing --run autoheader'
AUTOMAKE='${SHELL} /home/ke/Projects/sharutils/sharutils-4.3.76/missing --run automake-1.6'
AWK='gawk'
BUILD_INCLUDED_LIBINTL='yes'
CATOBJEXT='.gmo'
CC='gcc'
CCDEPMODE='depmode=gcc3'
CFLAGS='-g -O2'
COMPRESS='no'
CPP='gcc -E'
CPPFLAGS=''
DATADIRNAME='share'
DEFS='-DHAVE_CONFIG_H'
DEPDIR='.deps'
DIFF='/usr/bin/diff'
DIST_ALPHA='README-alpha'
DIST_MAN1PAGES='uuencode.1'
ECHO_C=''
ECHO_N='-n'
ECHO_T=''
EGREP='grep -E'
EXEEXT=''
GENCAT='gencat'
GLIBC21='yes'
GMSGFMT='/usr/bin/msgfmt'
INSTALL_COMPRESS_LINK=''
INSTALL_DATA='${INSTALL} -m 644'
INSTALL_PROGRAM='${INSTALL}'
INSTALL_SCRIPT='${INSTALL}'
INSTALL_STRIP_PROGRAM='${SHELL} $(install_sh) -c -s'
INSTOBJEXT='.mo'
INTLBISON='bison'
INTLLIBS='${top_builddir}/intl/libintl.a '
INTLOBJS='$(GETTOBJS)'
INTL_LIBTOOL_SUFFIX_PREFIX=''
LDFLAGS=''
LIBICONV=''
LIBINTL='${top_builddir}/intl/libintl.a '
LIBOBJS=''
LIBS=''
LTLIBICONV=''
LTLIBINTL='${top_builddir}/intl/libintl.a '
LTLIBOBJS=''
MAILER='/usr/bin/Mail'
MAKEINFO='${SHELL} /home/ke/Projects/sharutils/sharutils-4.3.76/missing --run makeinfo'
MAN5PAGES='uuencode.5'
MKINSTALLDIRS='../mkinstalldirs'
MSGFMT='/usr/bin/msgfmt'
MSGMERGE='/usr/bin/msgmerge'
NODIST_MAN1PAGES='uudecode.1'
OBJEXT='o'
PACKAGE='sharutils'
PACKAGE_BUGREPORT='bug-gnu-utils@gnu.org'
PACKAGE_NAME='sharutils'
PACKAGE_STRING='sharutils 4.3.76'
PACKAGE_TARNAME='sharutils'
PACKAGE_VERSION='4.3.76'
PATH_SEPARATOR=':'
PERL='/usr/bin/perl'
POSUB='po'
RANLIB='ranlib'
SET_MAKE=''
SH='/bin/bash'
SHELL='/bin/sh'
STRIP=''
TAR='/bin/tar'
USE_INCLUDED_LIBINTL='yes'
USE_NLS='yes'
VERSION='4.3.76'
XGETTEXT='/usr/bin/xgettext'
ac_ct_CC='gcc'
ac_ct_RANLIB='ranlib'
ac_ct_STRIP=''
am__include='include'
am__quote=''
bindir='${exec_prefix}/bin'
build='i686-suse-linux'
build_alias=''
build_cpu='i686'
build_os='linux'
build_vendor='suse'
datadir='${prefix}/share'
exec_prefix='${prefix}'
host='i686-suse-linux'
host_alias=''
host_cpu='i686'
host_os='linux'
host_vendor='suse'
includedir='${prefix}/include'
infodir='${prefix}/info'
install_sh='/home/ke/Projects/sharutils/sharutils-4.3.76/install-sh'
libdir='${exec_prefix}/lib'
libexecdir='${exec_prefix}/libexec'
localstatedir='${prefix}/var'
mandir='${prefix}/man'
oldincludedir='/usr/include'
prefix='/home/ke/Projects/sharutils/sharutils-4.3.76/=inst'
program_transform_name='s,x,x,'
sbindir='${exec_prefix}/sbin'
sharedstatedir='${prefix}/com'
sysconfdir='${prefix}/etc'
target_alias=''

## ----------- ##
## confdefs.h. ##
## ----------- ##

#define ENABLE_NLS 1
#define HAVE_ALLOCA 1
#define HAVE_ALLOCA_H 1
#define HAVE_ARGZ_H 1
#define HAVE_DECL_STRERROR 1
#define HAVE_DECL_STRERROR_R 1
#define HAVE_DECL_STRTOIMAX 1
#define HAVE_DECL_STRTOL 1
#define HAVE_DECL_STRTOLL 1
#define HAVE_DECL_STRTOUL 1
#define HAVE_DECL_STRTOUMAX 1
#define HAVE_DIRENT_H 1
#define HAVE_DONE_WORKING_MALLOC_CHECK 1
#define HAVE_DONE_WORKING_REALLOC_CHECK 1
#define HAVE_FCHMOD 1
#define HAVE_FEOF_UNLOCKED 1
#define HAVE_FGETS_UNLOCKED 1
#define HAVE_FSEEKO 1
#define HAVE_GETCWD 1
#define HAVE_GETCWD 1
#define HAVE_GETC_UNLOCKED 1
#define HAVE_GETEGID 1
#define HAVE_GETEUID 1
#define HAVE_GETGID 1
#define HAVE_GETPAGESIZE 1
#define HAVE_GETUID 1
#define HAVE_ICONV 1
#define HAVE_INTTYPES_H 1
#define HAVE_INTTYPES_H 1
#define HAVE_ISASCII 1
#define HAVE_LANGINFO_CODESET 1
#define HAVE_LC_MESSAGES 1
#define HAVE_LIMITS_H 1
#define HAVE_LIMITS_H 1
#define HAVE_LIMITS_H 1
#define HAVE_LOCALE_H 1
#define HAVE_LOCALE_H 1
#define HAVE_LONG_LONG 1
#define HAVE_MALLOC_H 1
#define HAVE_MEMCPY 1
#define HAVE_MEMORY_H 1
#define HAVE_MEMORY_H 1
#define HAVE_MEMPCPY 1
#define HAVE_MEMSET 1
#define HAVE_MKTIME 1
#define HAVE_MMAP 1
#define HAVE_MUNMAP 1
#define HAVE_NL_TYPES_H 1
#define HAVE_PUTENV 1
#define HAVE_SETENV 1
#define HAVE_SETLOCALE 1
#define HAVE_STDDEF_H 1
#define HAVE_STDINT_H 1
#define HAVE_STDLIB_H 1
#define HAVE_STDLIB_H 1
#define HAVE_STDLIB_H 1
#define HAVE_STDLIB_H 1
#define HAVE_STPCPY 1
#define HAVE_STPCPY 1
#define HAVE_STRCASECMP 1
#define HAVE_STRCHR 1
#define HAVE_STRDUP 1
#define HAVE_STRERROR 1
#define HAVE_STRERROR 1
#define HAVE_STRERROR_R 1
#define HAVE_STRFTIME 1
#define HAVE_STRFTIME 1
#define HAVE_STRINGS_H 1
#define HAVE_STRING_H 1
#define HAVE_STRING_H 1
#define HAVE_STRING_H 1
#define HAVE_STRTOIMAX 1
#define HAVE_STRTOUL 1
#define HAVE_STRUCT_TM_TM_ZONE 1
#define HAVE_SYS_PARAM_H 1
#define HAVE_SYS_STAT_H 1
#define HAVE_SYS_TYPES_H 1
#define HAVE_SYS_WAIT_H 1
#define HAVE_TM_ZONE 1
#define HAVE_TSEARCH 1
#define HAVE_UNAME 1
#define HAVE_UNISTD_H 1
#define HAVE_UNISTD_H 1
#define HAVE_UNISTD_H 1
#define HAVE_UNISTD_H 1
#define HAVE_UNSIGNED_LONG_LONG 1
#define HAVE_VPRINTF 1
#define HAVE_VPRINTF 1
#define HAVE___ARGZ_COUNT 1
#define HAVE___ARGZ_NEXT 1
#define HAVE___ARGZ_STRINGIFY 1
#define ICONV_CONST 
#define INTDIV0_RAISES_SIGFPE 1
#define PACKAGE "sharutils"
#define PACKAGE_BUGREPORT "bug-gnu-utils@gnu.org"
#define PACKAGE_NAME "sharutils"
#define PACKAGE_STRING "sharutils 4.3.76"
#define PACKAGE_TARNAME "sharutils"
#define PACKAGE_VERSION "4.3.76"
#define STDC_HEADERS 1
#define STDC_HEADERS 1
#define STDC_HEADERS 1
#define STRERROR_R_CHAR_P 1
#define VERSION "4.3.76"
#define _FILE_OFFSET_BITS 64
#define _GNU_SOURCE 1
#define _LARGEFILE_SOURCE 1

configure: exit 0
