This is TeX, Version 3.14159 (Web2C 7.3.7) (format=tex 2002.10.31)  3 DEC 2002 20:29
**/home/ke/Projects/sharutils/sharutils-4.3.76/doc/sharutils.texi
(/home/ke/Projects/sharutils/sharutils-4.3.76/doc/sharutils.texi
(/home/ke/Projects/sharutils/sharutils-4.3.76/doc/texinfo.tex
Loading texinfo [version 2002-06-04.06]: Basics,
\bindingoffset=\dimen16
\normaloffset=\dimen17
\pagewidth=\dimen18
\pageheight=\dimen19
\outerhsize=\dimen20
\outervsize=\dimen21
\cornerlong=\dimen22
\cornerthick=\dimen23
\topandbottommargin=\dimen24
\headlinebox=\box16
\footlinebox=\box17
\margin=\insert252
\EMsimple=\toks12
\singlespaceskip=\skip18
\groupinvalidhelp=\toks13
\mil=\dimen25
\exdentamount=\skip19
\inmarginspacing=\skip20
 pdf,
\tempnum=\count26
\lnkcount=\count27
\filename=\toks14
\filenamelength=\count28
\pgn=\count29
\toksA=\toks15
\toksB=\toks16
\toksC=\toks17
\toksD=\toks18
\boxA=\box18
\countA=\count30
 fonts,
\sffam=\fam8
\textleading=\dimen26
\mainmagstep=\count31
\fontdepth=\count32
 page headings,
\titlepagetopglue=\skip21
\titlepagebottomglue=\skip22
\evenheadline=\toks19
\oddheadline=\toks20
\evenfootline=\toks21
\oddfootline=\toks22

tables,
\tableindent=\dimen27
\itemindent=\dimen28
\itemmargin=\dimen29
\itemmax=\dimen30
\itemno=\count33
\multitableparskip=\skip23
\multitableparindent=\skip24
\multitablecolspace=\dimen31
\multitablelinespace=\skip25
\colcount=\count34
 conditionals, indexing,
\secondaryindent=\skip26
\partialpage=\box19
\doublecolumnhsize=\dimen32
 sectioning,
\chapno=\count35
\secno=\count36
\subsecno=\count37
\subsubsecno=\count38
\appendixno=\count39
\absseclevel=\count40
\secbase=\count41
\chapheadingskip=\skip27
\secheadingskip=\skip28
\subsecheadingskip=\skip29
 toc,
\tocfile=\write0
\contentsrightmargin=\skip30
\savepageno=\count42
\lastnegativepageno=\count43
\shortappendixwidth=\dimen33
\tocindent=\dimen34
 environments,
\errorbox=\box20
\lispnarrowing=\skip31
\envskipamount=\skip32
\circthick=\dimen35
\cartouter=\dimen36
\cartinner=\dimen37
\normbskip=\skip33
\normpskip=\skip34
\normlskip=\skip35
\lskip=\skip36
\rskip=\skip37
\tabw=\dimen38
\copyingbox=\box21
 defuns,
\defbodyindent=\skip38
\defargsindent=\skip39
\deftypemargin=\skip40
\deflastargmargin=\skip41
\parencount=\count44
 macros,
\macscribble=\write1
\paramno=\count45
\macname=\toks23

cross references,
\auxfile=\write2
\savesfregister=\count46
\footnoteno=\count47
 (/usr/share/texmf/tex/plain/dvips/epsf.tex
\epsffilein=\read0
\epsfframemargin=\dimen39
\epsfframethickness=\dimen40
\epsfrsize=\dimen41
\epsftmp=\dimen42
\epsftsize=\dimen43
\epsfxsize=\dimen44
\epsfysize=\dimen45
\pspoints=\dimen46
\epsfnoopenhelp=\toks24
)
\noepsfhelp=\toks25
 localization,
\nolanghelp=\toks26
\defaultparindent=\dimen47

and turning on texinfo input format.) (./sharutils.aux)
@cpindfile=@write3
@fnindfile=@write4
@vrindfile=@write5
@tpindfile=@write6
@kyindfile=@write7
@pgindfile=@write8

(/home/ke/Projects/sharutils/sharutils-4.3.76/doc/version.texi) [1
\openout2 = `sharutils.aux'.

\openout3 = `sharutils.cp'.

\openout4 = `sharutils.fn'.

\openout5 = `sharutils.vr'.

\openout6 = `sharutils.tp'.

\openout7 = `sharutils.ky'.

\openout8 = `sharutils.pg'.

] [2]
Chapter 1 [1]
\openout0 = `sharutils.toc'.

 Chapter 2 [2] [3] [4] [5] [6] [7] [8] [9] Chapter 3 [10]
Chapter 4 [11] [12] [13]
Underfull \hbox (badness 5637) in paragraph at lines 928--934
[]@textrm After this op-er-a-tion, `@texttt fantasio.champignac.land[]@textrm '
[] has a `@texttt .remsync[]@textrm '[] file in

@hbox(7.60416+2.43333)x433.62, glue set 3.83618
.@hbox(0.0+0.0)x15.0
.@textrm A
.@textrm f
.@textrm t
.@textrm e
.etc.

[14] [15] [16] [17] [18] [19] [20] [21] [22]
(/home/ke/Projects/sharutils/sharutils-4.3.76/doc/doclicense.texi Appendix A
[23] [24] [25] [26] [27] [28]) [29] (./sharutils.toc) [-1] ) 
Here is how much of TeX's memory you used:
 1380 strings out of 28003
 15973 string characters out of 221987
 38704 words of memory out of 384000
 2254 multiletter control sequences out of 10000+15000
 31784 words of font info for 110 fonts, out of 400000 for 1000
 19 hyphenation exceptions out of 1000
 15i,7n,10p,268b,284s stack positions out of 300i,100n,500p,50000b,4000s

Output written on sharutils.dvi (32 pages, 104540 bytes).
